Flow report for Homework4
Sun Nov 07 03:31:02 2021
Quartus Prime Version 20.1.1 Build 720 11/11/2020 SJ Lite Edition


---------------------
; Table of Contents ;
---------------------
  1. Legal Notice
  2. Flow Summary
  3. Flow Settings
  4. Flow Non-Default Global Settings
  5. Flow Elapsed Time
  6. Flow OS Summary
  7. Flow Log
  8. Flow Messages
  9. Flow Suppressed Messages



----------------
; Legal Notice ;
----------------
Copyright (C) 2020  Intel Corporation. All rights reserved.
Your use of Intel Corporation's design tools, logic functions 
and other software and tools, and any partner logic 
functions, and any output files from any of the foregoing 
(including device programming or simulation files), and any 
associated documentation or information are expressly subject 
to the terms and conditions of the Intel Program License 
Subscription Agreement, the Intel Quartus Prime License Agreement,
the Intel FPGA IP License Agreement, or other applicable license
agreement, including, without limitation, that your use is for
the sole purpose of programming logic devices manufactured by
Intel and sold by Intel or its authorized distributors.  Please
refer to the applicable agreement for further details, at
https://fpgasoftware.intel.com/eula.



+----------------------------------------------------------------------------------+
; Flow Summary                                                                     ;
+------------------------------------+---------------------------------------------+
; Flow Status                        ; Successful - Sun Nov 07 03:30:50 2021       ;
; Quartus Prime Version              ; 20.1.1 Build 720 11/11/2020 SJ Lite Edition ;
; Revision Name                      ; Homework4                                   ;
; Top-level Entity Name              ; Homework4                                   ;
; Family                             ; Cyclone IV E                                ;
; Device                             ; EP4CE115F29C7                               ;
; Timing Models                      ; Final                                       ;
; Total logic elements               ; 11,516 / 114,480 ( 10 % )                   ;
;     Total combinational functions  ; 10,421 / 114,480 ( 9 % )                    ;
;     Dedicated logic registers      ; 5,737 / 114,480 ( 5 % )                     ;
; Total registers                    ; 5856                                        ;
; Total pins                         ; 195 / 529 ( 37 % )                          ;
; Total virtual pins                 ; 0                                           ;
; Total memory bits                  ; 406,912 / 3,981,312 ( 10 % )                ;
; Embedded Multiplier 9-bit elements ; 12 / 532 ( 2 % )                            ;
; Total PLLs                         ; 1 / 4 ( 25 % )                              ;
+------------------------------------+---------------------------------------------+


+-----------------------------------------+
; Flow Settings                           ;
+-------------------+---------------------+
; Option            ; Setting             ;
+-------------------+---------------------+
; Start date & time ; 11/07/2021 03:26:07 ;
; Main task         ; Compilation         ;
; Revision Name     ; Homework4           ;
+-------------------+---------------------+


+--------------------------------------------------------------------------------------------------------------------------------------------+
; Flow Non-Default Global Settings                                                                                                           ;
+-------------------------------------+-----------------------------------------------------------+---------------+-------------+------------+
; Assignment Name                     ; Value                                                     ; Default Value ; Entity Name ; Section Id ;
+-------------------------------------+-----------------------------------------------------------+---------------+-------------+------------+
; COMPILER_SIGNATURE_ID               ; 9447195492532.163628436630936                             ; --            ; --          ; --         ;
; ENABLE_SIGNALTAP                    ; On                                                        ; --            ; --          ; --         ;
; MAX_CORE_JUNCTION_TEMP              ; 85                                                        ; --            ; --          ; --         ;
; MIN_CORE_JUNCTION_TEMP              ; 0                                                         ; --            ; --          ; --         ;
; MISC_FILE                           ; unsaved/synthesis/../unsaved.cmp                          ; --            ; --          ; --         ;
; MISC_FILE                           ; unsaved/synthesis/../../unsaved.qsys                      ; --            ; --          ; --         ;
; NOMINAL_CORE_SUPPLY_VOLTAGE         ; 1.2V                                                      ; --            ; --          ; --         ;
; PARTITION_COLOR                     ; -- (Not supported for targeted family)                    ; --            ; --          ; Top        ;
; PARTITION_FITTER_PRESERVATION_LEVEL ; -- (Not supported for targeted family)                    ; --            ; --          ; Top        ;
; PARTITION_NETLIST_TYPE              ; -- (Not supported for targeted family)                    ; --            ; --          ; Top        ;
; POWER_BOARD_THERMAL_MODEL           ; None (CONSERVATIVE)                                       ; --            ; --          ; --         ;
; POWER_PRESET_COOLING_SOLUTION       ; 23 MM HEAT SINK WITH 200 LFPM AIRFLOW                     ; --            ; --          ; --         ;
; PROJECT_OUTPUT_DIRECTORY            ; output_files                                              ; --            ; --          ; --         ;
; SLD_FILE                            ; unsaved/synthesis/unsaved.regmap                          ; --            ; --          ; --         ;
; SLD_FILE                            ; unsaved/synthesis/unsaved.debuginfo                       ; --            ; --          ; --         ;
; SLD_FILE                            ; db/stp1_auto_stripped.stp                                 ; --            ; --          ; --         ;
; SLD_INFO                            ; QSYS_NAME unsaved HAS_SOPCINFO 1 GENERATION_ID 1636267223 ; --            ; unsaved     ; --         ;
; SOPCINFO_FILE                       ; unsaved/synthesis/../../unsaved.sopcinfo                  ; --            ; --          ; --         ;
; SYNTHESIS_ONLY_QIP                  ; On                                                        ; --            ; --          ; --         ;
; USE_SIGNALTAP_FILE                  ; output_files/stp1.stp                                     ; --            ; --          ; --         ;
+-------------------------------------+-----------------------------------------------------------+---------------+-------------+------------+


+--------------------------------------------------------------------------------------------------------------------------+
; Flow Elapsed Time                                                                                                        ;
+----------------------+--------------+-------------------------+---------------------+------------------------------------+
; Module Name          ; Elapsed Time ; Average Processors Used ; Peak Virtual Memory ; Total CPU Time (on all processors) ;
+----------------------+--------------+-------------------------+---------------------+------------------------------------+
; Analysis & Synthesis ; 00:01:58     ; 1.0                     ; 5122 MB             ; 00:02:34                           ;
; Fitter               ; 00:01:21     ; 1.1                     ; 5894 MB             ; 00:01:44                           ;
; Assembler            ; 00:00:09     ; 1.0                     ; 4755 MB             ; 00:00:07                           ;
; Timing Analyzer      ; 00:00:10     ; 1.2                     ; 4980 MB             ; 00:00:10                           ;
; Total                ; 00:03:38     ; --                      ; --                  ; 00:04:35                           ;
+----------------------+--------------+-------------------------+---------------------+------------------------------------+


+------------------------------------------------------------------------------------+
; Flow OS Summary                                                                    ;
+----------------------+------------------+------------+------------+----------------+
; Module Name          ; Machine Hostname ; OS Name    ; OS Version ; Processor type ;
+----------------------+------------------+------------+------------+----------------+
; Analysis & Synthesis ; Nitro-5-Laptop   ; Windows 10 ; 10.0       ; x86_64         ;
; Fitter               ; Nitro-5-Laptop   ; Windows 10 ; 10.0       ; x86_64         ;
; Assembler            ; Nitro-5-Laptop   ; Windows 10 ; 10.0       ; x86_64         ;
; Timing Analyzer      ; Nitro-5-Laptop   ; Windows 10 ; 10.0       ; x86_64         ;
+----------------------+------------------+------------+------------+----------------+


------------
; Flow Log ;
------------
quartus_map --read_settings_files=on --write_settings_files=off Homework4 -c Homework4
quartus_fit --read_settings_files=off --write_settings_files=off Homework4 -c Homework4
quartus_asm --read_settings_files=off --write_settings_files=off Homework4 -c Homework4
quartus_sta Homework4 -c Homework4



